<html>
<head>
<title>TestNG:  Default test</title>
<link href="../testng.css" rel="stylesheet" type="text/css" />
<link href="../my-testng.css" rel="stylesheet" type="text/css" />

<style type="text/css">
.log { display: none;} 
.stack-trace { display: none;} 
</style>
<script type="text/javascript">
<!--
function flip(e) {
  current = e.style.display;
  if (current == 'block') {
    e.style.display = 'none';
    return 0;
  }
  else {
    e.style.display = 'block';
    return 1;
  }
}

function toggleBox(szDivId, elem, msg1, msg2)
{
  var res = -1;  if (document.getElementById) {
    res = flip(document.getElementById(szDivId));
  }
  else if (document.all) {
    // this is the way old msie versions work
    res = flip(document.all[szDivId]);
  }
  if(elem) {
    if(res == 0) elem.innerHTML = msg1; else elem.innerHTML = msg2;
  }

}

function toggleAllBoxes() {
  if (document.getElementsByTagName) {
    d = document.getElementsByTagName('div');
    for (i = 0; i < d.length; i++) {
      if (d[i].className == 'log') {
        flip(d[i]);
      }
    }
  }
}

// -->
</script>

</head>
<body>
<h2 align='center'>Default test</h2><table border='1' align="center">
<tr>
<td>Tests passed/Failed/Skipped:</td><td>0/1/0</td>
</tr><tr>
<td>Started on:</td><td>Wed Oct 03 12:26:46 EDT 2018</td>
</tr>
<tr><td>Total time:</td><td>125 seconds (125220 ms)</td>
</tr><tr>
<td>Included groups:</td><td></td>
</tr><tr>
<td>Excluded groups:</td><td></td>
</tr>
</table><p/>
<small><i>(Hover the method name to see the test class name)</i></small><p/>
<table width='100%' border='1' class='invocation-failed'>
<tr><td colspan='4' align='center'><b>FAILED TESTS</b></td></tr>
<tr><td><b>Test method</b></td>
<td width="30%"><b>Exception</b></td>
<td width="10%"><b>Time (seconds)</b></td>
<td><b>Instance</b></td>
</tr>
<tr>
<td title='runner_cukes.RunCukesTest.run_cukes()'><b>run_cukes</b><br>Test class: runner_cukes.RunCukesTest<br>Test method: Runs Cucumber Features<br/>
<a href="#Output-1260440107" onClick='toggleBox("Output-1260440107", this, "Show output", "Hide output");'>Show output</a>

<a href="#Output-1260440107" onClick="toggleAllBoxes();">Show all outputs</a>
<div class='log' id="Output-1260440107">
<div "featureFile">Feature File: features&#x2F;GoogleFooterLinkTest.feature</div><br/>
<div "feature">Feature: Google Footer links Checkup</div><br/>
<div "scenarioOutline">Scenario Outline: Selecting different footer links and checking the corresponding page</div><br/>
<div "result">When  I select &quot;&lt;footerLink_text&gt;&quot; link in the Google footer (passed : 0s)</div><br/>
<div "result">Then  I verified the selected Google page by the existence of the &quot;&lt;linkedPage_text&gt;&quot; text (passed : 2s)</div><br/>
<div "scenario">Scenario Outline: Selecting different footer links and checking the corresponding page</div><br/>
<div "result">Given  I launch the Google home page url (passed : 2s)</div><br/>
<div "result">And  I scroll down to the end of the page (passed : 2s)</div><br/>
<div "result">When  I select &quot;Privacy&quot; link in the Google footer (passed : 0s)</div><br/>
<div "result">Then  I verified the selected Google page by the existence of the &quot;This Privacy Policy is meant to help you understand what information we collect&quot; text (passed : 2s)</div><br/>
<div "scenario">Scenario Outline: Selecting different footer links and checking the corresponding page</div><br/>
<div "result">Given  I launch the Google home page url (passed : 2s)</div><br/>
<div "result">And  I scroll down to the end of the page (passed : 2s)</div><br/>
<div "scenarioOutline">Scenario Outline: Selecting different sublinks on the Google Terms footer link</div><br/>
<div "result">When  I select &quot;Terms&quot; link in the Google footer (passed : 0s)</div><br/>
<div "result">Then  I verified the selected Google page by the existence of the &quot;Google Terms of Service&quot; text (passed : 2s)</div><br/>
<div "scenario">Scenario Outline: Selecting different sublinks on the Google Terms footer link</div><br/>
<div "result">Given  I select the Terms link in the Google footer (passed : 2s)</div><br/>
<div "result">When  I click on a specific Technologies &quot;&lt;Technologies&gt;&quot; (failed : 2s)</div><br/>
<div "result">Then  I verified the selected &quot;&lt;Technology_detail&gt;&quot; Technology detail (skipped)</div><br/>
<div "result">Given  I launch the Google home page url (passed : 0s)</div><br/>
<div "result">And  I scroll down to the end of the page (passed : 2s)</div><br/>
<div "scenario">Scenario Outline: Selecting different sublinks on the Google Terms footer link</div><br/>
<div "result">Given  I select the Terms link in the Google footer (passed : 2s)</div><br/>
<div "result">When  I click on a specific Technologies &quot;Using our Services&quot; (failed : 2s)</div><br/>
<div "result">Then  I verified the selected &quot;our Services or try to access them using a method&quot; Technology detail (skipped)</div><br/>
<div "result">Given  I launch the Google home page url (passed : 0s)</div><br/>
<div "result">And  I scroll down to the end of the page (passed : 2s)</div><br/>
<div "scenario">Scenario Outline: Selecting different sublinks on the Google Terms footer link</div><br/>
<div "result">Given  I select the Terms link in the Google footer (passed : 2s)</div><br/>
<div "result">When  I click on a specific Technologies &quot;Your Google Account&quot; (failed : 2s)</div><br/>
<div "result">Then  I verified the selected &quot;You may need a Google Account in order&quot; Technology detail (skipped)</div><br/>
<div "result">Given  I launch the Google home page url (passed : 0s)</div><br/>
<div "result">And  I scroll down to the end of the page (passed : 2s)</div><br/>
<div "scenario">Scenario Outline: Selecting different sublinks on the Google Terms footer link</div><br/>
<div "result">Given  I select the Terms link in the Google footer (passed : 2s)</div><br/>
<div "result">When  I click on a specific Technologies &quot;Privacy and Copyright Protection&quot; (failed : 2s)</div><br/>
<div "result">Then  I verified the selected &quot;Google?s privacy policies explain&quot; Technology detail (skipped)</div><br/>
<div "result">Given  I launch the Google home page url (passed : 0s)</div><br/>
<div "result">And  I scroll down to the end of the page (passed : 2s)</div><br/>
<div "scenario">Scenario Outline: Selecting different sublinks on the Google Terms footer link</div><br/>
<div "result">Given  I select the Terms link in the Google footer (passed : 2s)</div><br/>
<div "result">When  I click on a specific Technologies &quot;Your Content in our Services&quot; (failed : 2s)</div><br/>
<div "result">Then  I verified the selected &quot;you upload, submit, store, send or receive content&quot; Technology detail (skipped)</div><br/>
<div "result">Given  I launch the Google home page url (passed : 0s)</div><br/>
<div "result">And  I scroll down to the end of the page (passed : 2s)</div><br/>
<div "scenario">Scenario Outline: Selecting different sublinks on the Google Terms footer link</div><br/>
<div "result">Given  I select the Terms link in the Google footer (passed : 2s)</div><br/>
<div "result">When  I click on a specific Technologies &quot;About Software in our Services&quot; (failed : 2s)</div><br/>
<div "result">Then  I verified the selected &quot;Google gives you a personal, worldwide&quot; Technology detail (skipped)</div><br/>
<div "result">Given  I launch the Google home page url (passed : 0s)</div><br/>
<div "result">And  I scroll down to the end of the page (passed : 2s)</div><br/>
<div "scenario">Scenario Outline: Selecting different sublinks on the Google Terms footer link</div><br/>
<div "result">Given  I select the Terms link in the Google footer (passed : 2s)</div><br/>
<div "result">When  I click on a specific Technologies &quot;Modifying and Terminating our Services&quot; (failed : 2s)</div><br/>
<div "result">Then  I verified the selected &quot;We are constantly changing and improving our Services&quot; Technology detail (skipped)</div><br/>
<div "result">Given  I launch the Google home page url (passed : 0s)</div><br/>
<div "result">And  I scroll down to the end of the page (passed : 2s)</div><br/>
<div "scenario">Scenario Outline: Selecting different sublinks on the Google Terms footer link</div><br/>
<div "result">Given  I select the Terms link in the Google footer (passed : 2s)</div><br/>
<div "result">When  I click on a specific Technologies &quot;Our Warranties and Disclaimers&quot; (failed : 2s)</div><br/>
<div "result">Then  I verified the selected &quot;We provide our Services using a commercially reasonable level of skill&quot; Technology detail (skipped)</div><br/>
<div "result">Given  I launch the Google home page url (passed : 0s)</div><br/>
<div "result">And  I scroll down to the end of the page (passed : 2s)</div><br/>
<div "scenario">Scenario Outline: Selecting different sublinks on the Google Terms footer link</div><br/>
<div "result">Given  I select the Terms link in the Google footer (passed : 2s)</div><br/>
<div "result">When  I click on a specific Technologies &quot;Liability for our Services&quot; (failed : 2s)</div><br/>
<div "result">Then  I verified the selected &quot;WHEN PERMITTED BY LAW, GOOGLE, AND GOOGLE?S SUPPLIERS&quot; Technology detail (skipped)</div><br/>
<div "result">Given  I launch the Google home page url (passed : 0s)</div><br/>
<div "result">And  I scroll down to the end of the page (passed : 2s)</div><br/>
<div "scenario">Scenario Outline: Selecting different sublinks on the Google Terms footer link</div><br/>
<div "result">Given  I select the Terms link in the Google footer (passed : 2s)</div><br/>
<div "result">When  I click on a specific Technologies &quot;Business uses of our Services&quot; (failed : 2s)</div><br/>
<div "result">Then  I verified the selected &quot;If you are using our Services on behalf of a business&quot; Technology detail (skipped)</div><br/>
<div "result">Given  I launch the Google home page url (passed : 0s)</div><br/>
<div "result">And  I scroll down to the end of the page (passed : 2s)</div><br/>
<div "scenario">Scenario Outline: Selecting different sublinks on the Google Terms footer link</div><br/>
<div "result">Given  I select the Terms link in the Google footer (passed : 2s)</div><br/>
<div "result">When  I click on a specific Technologies &quot;About these Terms&quot; (failed : 2s)</div><br/>
<div "result">Then  I verified the selected &quot;We may modify these terms or any additional terms&quot; Technology detail (skipped)</div><br/>
</div>
</td>
<td><div><pre>cucumber.runtime.CucumberException: org.openqa.selenium.NoSuchElementException: no such element: Unable to locate element: {&quot;method&quot;:&quot;partial link text&quot;,&quot;selector&quot;:&quot;Using our Services&quot;}
  (Session info: chrome=69.0.3497.100)
  (Driver info: chromedriver=2.35.528161 (5b82f2d2aae0ca24b877009200ced9065a772e73),platform=Windows NT 10.0.17134 x86_64) (WARNING: The server did not provide any stacktrace information)
Command duration or timeout: 0 milliseconds
For documentation on this error, please visit: http://seleniumhq.org/exceptions/no_such_element.html
Build info: version: &apos;3.9.1&apos;, revision: &apos;63f7b50&apos;, time: &apos;2018-02-07T22:25:02.294Z&apos;
System info: host: &apos;DREAMMOON&apos;, ip: &apos;192.168.0.3&apos;, os.name: &apos;Windows 10&apos;, os.arch: &apos;amd64&apos;, os.version: &apos;10.0&apos;, java.version: &apos;10.0.2&apos;
Driver info: org.openqa.selenium.chrome.ChromeDriver
Capabilities {acceptInsecureCerts: false, acceptSslCerts: false, applicationCacheEnabled: false, browserConnectionEnabled: false, browserName: chrome, chrome: {chromedriverVersion: 2.35.528161 (5b82f2d2aae0ca..., userDataDir: C:\Users\MOSARR~1\AppData\L...}, cssSelectorsEnabled: true, databaseEnabled: false, handlesAlerts: true, hasTouchScreen: false, javascriptEnabled: true, locationContextEnabled: true, mobileEmulationEnabled: false, nativeEvents: true, networkConnectionEnabled: false, pageLoadStrategy: normal, platform: XP, platformName: XP, rotatable: false, setWindowRect: true, takesHeapSnapshot: true, takesScreenshot: true, unexpectedAlertBehaviour: , unhandledPromptBehavior: , version: 69.0.3497.100, webStorageEnabled: true}
Session ID: 825fb28417751f344436f78c1ce47dd9
*** Element info: {Using=partial link text, value=Using our Services}
	at cucumber.api.testng.TestNGCucumberRunner.runCukes(TestNGCucumberRunner.java:48)
	at cucumber.api.testng.AbstractTestNGCucumberTests.run_cukes(AbstractTestNGCucumberTests.java:14)
	at java.base/jdk.internal.reflect.NativeMethodAccessorImpl.invoke0(Native Method)
	at java.base/jdk.internal.reflect.NativeMethodAccessorImpl.invoke(NativeMethodAccessorImpl.java:62)
	at java.base/jdk.internal.reflect.DelegatingMethodAccessorImpl.invoke(DelegatingMethodAccessorImpl.java:43)
	at java.base/java.lang.reflect.Method.invoke(Method.java:564)
	at org.testng.internal.MethodInvocationHelper.invokeMethod(MethodInvocationHelper.java:84)
	at org.testng.internal.MethodInvocationHelper$1.runTestMethod(MethodInvocationHelper.java:200)
	at cucumber.api.testng.AbstractTestNGCucumberTests.run(AbstractTestNGCucumberTests.java:19)
	at java.base/jdk.internal.reflect.NativeMethodAccessorImpl.invoke0(Native Method)
	at java.base/jdk.internal.reflect.NativeMethodAccessorImpl.invoke(NativeMethodAccessorImpl.java:62)
	at java.base/jdk.internal.reflect.DelegatingMethodAccessorImpl.invoke(DelegatingMethodAccessorImpl.java:43)
	at java.base/java.lang.reflect.Method.invoke(Method.java:564)
	at org.testng.internal.MethodInvocationHelper.invokeHookable(MethodInvocationHelper.java:212)
	at org.testng.internal.Invoker.invokeMethod(Invoker.java:707)
	at org.testng.internal.Invoker.invokeTestMethod(Invoker.java:901)
	at org.testng.internal.Invoker.invokeTestMethods(Invoker.java:1231)
	at org.testng.internal.TestMethodWorker.invokeTestMethods(TestMethodWorker.java:127)
	at org.testng.internal.TestMethodWorker.run(TestMethodWorker.java:111)
	at org.testng.TestRunner.privateRun(TestRunner.java:767)
	at org.testng.TestRunner.run(TestRunner.java:617)
	at org.testng.SuiteRunner.runTest(SuiteRunner.java:348)
	at org.testng.SuiteRunner.runSequentially(SuiteRunner.java:343)
	at org.testng.SuiteRunner.privateRun(SuiteRunner.java:305)
	at org.testng.SuiteRunner.run(SuiteRunner.java:254)
	at org.testng.SuiteRunnerWorker.runSuite(SuiteRunnerWorker.java:52)
	at org.testng.SuiteRunnerWorker.run(SuiteRunnerWorker.java:86)
	at org.testng.TestNG.runSuitesSequentially(TestNG.java:1224)
	at org.testng.TestNG.runSuitesLocally(TestNG.java:1149)
	at org.testng.TestNG.run(TestNG.java:1057)
	at org.testng.remote.AbstractRemoteTestNG.run(AbstractRemoteTestNG.java:114)
	at org.testng.remote.RemoteTestNG.initAndRun(RemoteTestNG.java:251)
	at org.testng.remote.RemoteTestNG.main(RemoteTestNG.java:77)
Caused by: org.openqa.selenium.NoSuchElementException: no such element: Unable to locate element: {&quot;method&quot;:&quot;partial link text&quot;,&quot;selector&quot;:&quot;Using our Services&quot;}
  (Session info: chrome=69.0.3497.100)
  (Driver info: chromedriver=2.35.528161 (5b82f2d2aae0ca24b877009200ced9065a772e73),platform=Windows NT 10.0.17134 x86_64) (WARNING: The server did not provide any stacktrace information)
Command duration or timeout: 0 milliseconds
For documentation on this error, please visit: http://seleniumhq.org/exceptions/no_such_element.html
Build info: version: &apos;3.9.1&apos;, revision: &apos;63f7b50&apos;, time: &apos;2018-02-07T22:25:02.294Z&apos;
System info: host: &apos;DREAMMOON&apos;, ip: &apos;192.168.0.3&apos;, os.name: &apos;Windows 10&apos;, os.arch: &apos;amd64&apos;, os.version: &apos;10.0&apos;, java.version: &apos;10.0.2&apos;
Driver info: org.openqa.selenium.chrome.ChromeDriver
Capabilities {acceptInsecureCerts: false, acceptSslCerts: false, applicationCacheEnabled: false, browserConnectionEnabled: false, browserName: chrome, chrome: {chromedriverVersion: 2.35.528161 (5b82f2d2aae0ca..., userDataDir: C:\Users\MOSARR~1\AppData\L...}, cssSelectorsEnabled: true, databaseEnabled: false, handlesAlerts: true, hasTouchScreen: false, javascriptEnabled: true, locationContextEnabled: true, mobileEmulationEnabled: false, nativeEvents: true, networkConnectionEnabled: false, pageLoadStrategy: normal, platform: XP, platformName: XP, rotatable: false, setWindowRect: true, takesHeapSnapshot: true, takesScreenshot: true, unexpectedAlertBehaviour: , unhandledPromptBehavior: , version: 69.0.3497.100, webStorageEnabled: true}
Session ID: 825fb28417751f344436f78c1ce47dd9
*** Element info: {Using=partial link text, value=Using our Services}
	at java.base/jdk.internal.reflect.NativeConstructorAccessorImpl.newInstance0(Native Method)
	at java.base/jdk.internal.reflect.NativeConstructorAccessorImpl.newInstance(NativeConstructorAccessorImpl.java:62)
	at java.base/jdk.internal.reflect.DelegatingConstructorAccessorImpl.newInstance(DelegatingConstructorAccessorImpl.java:45)
	at java.base/java.lang.reflect.Constructor.newInstance(Constructor.java:488)
	at org.openqa.selenium.remote.ErrorHandler.createThrowable(ErrorHandler.java:214)
	at org.openqa.selenium.remote.ErrorHandler.throwIfResponseFailed(ErrorHandler.java:166)
	at org.openqa.selenium.remote.http.JsonHttpResponseCodec.reconstructValue(JsonHttpResponseCodec.java:40)
	at org.openqa.selenium.remote.http.AbstractHttpResponseCodec.decode(AbstractHttpResponseCodec.java:80)
	at org.openqa.selenium.remote.http.AbstractHttpResponseCodec.decode(AbstractHttpResponseCodec.java:44)
	at org.openqa.selenium.remote.HttpCommandExecutor.execute(HttpCommandExecutor.java:160)
	at org.openqa.selenium.remote.service.DriverCommandExecutor.execute(DriverCommandExecutor.java:83)
	at org.openqa.selenium.remote.RemoteWebDriver.execute(RemoteWebDriver.java:601)
	at org.openqa.selenium.remote.RemoteWebDriver.findElement(RemoteWebDriver.java:371)
	at org.openqa.selenium.remote.RemoteWebDriver.findElementByPartialLinkText(RemoteWebDriver.java:433)
	at org.openqa.selenium.By$ByPartialLinkText.findElement(By.java:273)
	at org.openqa.selenium.remote.RemoteWebDriver.findElement(RemoteWebDriver.java:363)
	at step_definitions.GoogleFooterLinkTest.i_click_on_a_specific_Technologies(GoogleFooterLinkTest.java:94)
	at ?.When I click on a specific Technologies &quot;Using our Services&quot;(features/GoogleFooterLinkTest.feature:43)
</pre></div><a href='#' onClick='toggleBox("stack-trace1260440107", this, "Click to show all stack frames", "Click to hide stack frames")'>Click to show all stack frames</a>
<div class='stack-trace' id='stack-trace1260440107'><pre>cucumber.runtime.CucumberException: org.openqa.selenium.NoSuchElementException: no such element: Unable to locate element: {&quot;method&quot;:&quot;partial link text&quot;,&quot;selector&quot;:&quot;Using our Services&quot;}
  (Session info: chrome=69.0.3497.100)
  (Driver info: chromedriver=2.35.528161 (5b82f2d2aae0ca24b877009200ced9065a772e73),platform=Windows NT 10.0.17134 x86_64) (WARNING: The server did not provide any stacktrace information)
Command duration or timeout: 0 milliseconds
For documentation on this error, please visit: http://seleniumhq.org/exceptions/no_such_element.html
Build info: version: &apos;3.9.1&apos;, revision: &apos;63f7b50&apos;, time: &apos;2018-02-07T22:25:02.294Z&apos;
System info: host: &apos;DREAMMOON&apos;, ip: &apos;192.168.0.3&apos;, os.name: &apos;Windows 10&apos;, os.arch: &apos;amd64&apos;, os.version: &apos;10.0&apos;, java.version: &apos;10.0.2&apos;
Driver info: org.openqa.selenium.chrome.ChromeDriver
Capabilities {acceptInsecureCerts: false, acceptSslCerts: false, applicationCacheEnabled: false, browserConnectionEnabled: false, browserName: chrome, chrome: {chromedriverVersion: 2.35.528161 (5b82f2d2aae0ca..., userDataDir: C:\Users\MOSARR~1\AppData\L...}, cssSelectorsEnabled: true, databaseEnabled: false, handlesAlerts: true, hasTouchScreen: false, javascriptEnabled: true, locationContextEnabled: true, mobileEmulationEnabled: false, nativeEvents: true, networkConnectionEnabled: false, pageLoadStrategy: normal, platform: XP, platformName: XP, rotatable: false, setWindowRect: true, takesHeapSnapshot: true, takesScreenshot: true, unexpectedAlertBehaviour: , unhandledPromptBehavior: , version: 69.0.3497.100, webStorageEnabled: true}
Session ID: 825fb28417751f344436f78c1ce47dd9
*** Element info: {Using=partial link text, value=Using our Services}
	at cucumber.api.testng.TestNGCucumberRunner.runCukes(TestNGCucumberRunner.java:48)
	at cucumber.api.testng.AbstractTestNGCucumberTests.run_cukes(AbstractTestNGCucumberTests.java:14)
	at java.base/jdk.internal.reflect.NativeMethodAccessorImpl.invoke0(Native Method)
	at java.base/jdk.internal.reflect.NativeMethodAccessorImpl.invoke(NativeMethodAccessorImpl.java:62)
	at java.base/jdk.internal.reflect.DelegatingMethodAccessorImpl.invoke(DelegatingMethodAccessorImpl.java:43)
	at java.base/java.lang.reflect.Method.invoke(Method.java:564)
	at org.testng.internal.MethodInvocationHelper.invokeMethod(MethodInvocationHelper.java:84)
	at org.testng.internal.MethodInvocationHelper$1.runTestMethod(MethodInvocationHelper.java:200)
	at cucumber.api.testng.AbstractTestNGCucumberTests.run(AbstractTestNGCucumberTests.java:19)
	at java.base/jdk.internal.reflect.NativeMethodAccessorImpl.invoke0(Native Method)
	at java.base/jdk.internal.reflect.NativeMethodAccessorImpl.invoke(NativeMethodAccessorImpl.java:62)
	at java.base/jdk.internal.reflect.DelegatingMethodAccessorImpl.invoke(DelegatingMethodAccessorImpl.java:43)
	at java.base/java.lang.reflect.Method.invoke(Method.java:564)
	at org.testng.internal.MethodInvocationHelper.invokeHookable(MethodInvocationHelper.java:212)
	at org.testng.internal.Invoker.invokeMethod(Invoker.java:707)
	at org.testng.internal.Invoker.invokeTestMethod(Invoker.java:901)
	at org.testng.internal.Invoker.invokeTestMethods(Invoker.java:1231)
	at org.testng.internal.TestMethodWorker.invokeTestMethods(TestMethodWorker.java:127)
	at org.testng.internal.TestMethodWorker.run(TestMethodWorker.java:111)
	at org.testng.TestRunner.privateRun(TestRunner.java:767)
	at org.testng.TestRunner.run(TestRunner.java:617)
	at org.testng.SuiteRunner.runTest(SuiteRunner.java:348)
	at org.testng.SuiteRunner.runSequentially(SuiteRunner.java:343)
	at org.testng.SuiteRunner.privateRun(SuiteRunner.java:305)
	at org.testng.SuiteRunner.run(SuiteRunner.java:254)
	at org.testng.SuiteRunnerWorker.runSuite(SuiteRunnerWorker.java:52)
	at org.testng.SuiteRunnerWorker.run(SuiteRunnerWorker.java:86)
	at org.testng.TestNG.runSuitesSequentially(TestNG.java:1224)
	at org.testng.TestNG.runSuitesLocally(TestNG.java:1149)
	at org.testng.TestNG.run(TestNG.java:1057)
	at org.testng.remote.AbstractRemoteTestNG.run(AbstractRemoteTestNG.java:114)
	at org.testng.remote.RemoteTestNG.initAndRun(RemoteTestNG.java:251)
	at org.testng.remote.RemoteTestNG.main(RemoteTestNG.java:77)
Caused by: org.openqa.selenium.NoSuchElementException: no such element: Unable to locate element: {&quot;method&quot;:&quot;partial link text&quot;,&quot;selector&quot;:&quot;Using our Services&quot;}
  (Session info: chrome=69.0.3497.100)
  (Driver info: chromedriver=2.35.528161 (5b82f2d2aae0ca24b877009200ced9065a772e73),platform=Windows NT 10.0.17134 x86_64) (WARNING: The server did not provide any stacktrace information)
Command duration or timeout: 0 milliseconds
For documentation on this error, please visit: http://seleniumhq.org/exceptions/no_such_element.html
Build info: version: &apos;3.9.1&apos;, revision: &apos;63f7b50&apos;, time: &apos;2018-02-07T22:25:02.294Z&apos;
System info: host: &apos;DREAMMOON&apos;, ip: &apos;192.168.0.3&apos;, os.name: &apos;Windows 10&apos;, os.arch: &apos;amd64&apos;, os.version: &apos;10.0&apos;, java.version: &apos;10.0.2&apos;
Driver info: org.openqa.selenium.chrome.ChromeDriver
Capabilities {acceptInsecureCerts: false, acceptSslCerts: false, applicationCacheEnabled: false, browserConnectionEnabled: false, browserName: chrome, chrome: {chromedriverVersion: 2.35.528161 (5b82f2d2aae0ca..., userDataDir: C:\Users\MOSARR~1\AppData\L...}, cssSelectorsEnabled: true, databaseEnabled: false, handlesAlerts: true, hasTouchScreen: false, javascriptEnabled: true, locationContextEnabled: true, mobileEmulationEnabled: false, nativeEvents: true, networkConnectionEnabled: false, pageLoadStrategy: normal, platform: XP, platformName: XP, rotatable: false, setWindowRect: true, takesHeapSnapshot: true, takesScreenshot: true, unexpectedAlertBehaviour: , unhandledPromptBehavior: , version: 69.0.3497.100, webStorageEnabled: true}
Session ID: 825fb28417751f344436f78c1ce47dd9
*** Element info: {Using=partial link text, value=Using our Services}
	at java.base/jdk.internal.reflect.NativeConstructorAccessorImpl.newInstance0(Native Method)
	at java.base/jdk.internal.reflect.NativeConstructorAccessorImpl.newInstance(NativeConstructorAccessorImpl.java:62)
	at java.base/jdk.internal.reflect.DelegatingConstructorAccessorImpl.newInstance(DelegatingConstructorAccessorImpl.java:45)
	at java.base/java.lang.reflect.Constructor.newInstance(Constructor.java:488)
	at org.openqa.selenium.remote.ErrorHandler.createThrowable(ErrorHandler.java:214)
	at org.openqa.selenium.remote.ErrorHandler.throwIfResponseFailed(ErrorHandler.java:166)
	at org.openqa.selenium.remote.http.JsonHttpResponseCodec.reconstructValue(JsonHttpResponseCodec.java:40)
	at org.openqa.selenium.remote.http.AbstractHttpResponseCodec.decode(AbstractHttpResponseCodec.java:80)
	at org.openqa.selenium.remote.http.AbstractHttpResponseCodec.decode(AbstractHttpResponseCodec.java:44)
	at org.openqa.selenium.remote.HttpCommandExecutor.execute(HttpCommandExecutor.java:160)
	at org.openqa.selenium.remote.service.DriverCommandExecutor.execute(DriverCommandExecutor.java:83)
	at org.openqa.selenium.remote.RemoteWebDriver.execute(RemoteWebDriver.java:601)
	at org.openqa.selenium.remote.RemoteWebDriver.findElement(RemoteWebDriver.java:371)
	at org.openqa.selenium.remote.RemoteWebDriver.findElementByPartialLinkText(RemoteWebDriver.java:433)
	at org.openqa.selenium.By$ByPartialLinkText.findElement(By.java:273)
	at org.openqa.selenium.remote.RemoteWebDriver.findElement(RemoteWebDriver.java:363)
	at step_definitions.GoogleFooterLinkTest.i_click_on_a_specific_Technologies(GoogleFooterLinkTest.java:94)
	at ?.When I click on a specific Technologies &quot;Using our Services&quot;(features/GoogleFooterLinkTest.feature:43)
</pre></div></td>
<td>125</td>
<td>runner_cukes.RunCukesTest@31f9b85e</td></tr>
</table><p>
</body>
</html>